<?xml version="1.0" encoding="UTF-8"?>
<!-- Generated by org.testng.reporters.JUnitReportReporter -->
<testsuite hostname="DESKTOP-CV42A7Q" failures="0" tests="2" name="com.mystore.testcases.TC_LoginPageTest" time="20.409" errors="0" timestamp="2022-05-13T16:19:57 IST" skipped="1">
  <testcase classname="com.mystore.testcases.TC_LoginPageTest" name="VerifyLogin" time="20.409"/>
  <system-out/>
  <testcase classname="com.mystore.testcases.TC_LoginPageTest" name="VerifyRegistrationAndLogin">
    <skipped/>
  </testcase> <!-- VerifyRegistrationAndLogin -->
  <system-out/>
</testsuite> <!-- com.mystore.testcases.TC_LoginPageTest -->
