<?xml version="1.0" encoding="UTF-8"?>
<!-- Generated by org.testng.reporters.JUnitReportReporter -->
<testsuite hostname="MD_TOUFIQUE" failures="0" tests="3" name="com.mystore.testcases.TC_MyAccountPageTestDataDrivenTesting" time="18.373" errors="0" timestamp="2025-05-15T14:48:02 IST" skipped="1">
  <testcase classname="com.mystore.testcases.TC_MyAccountPageTestDataDrivenTesting" name="VerifyLogin" time="8.549"/>
  <system-out/>
  <testcase classname="com.mystore.testcases.TC_MyAccountPageTestDataDrivenTesting" name="VerifyLogin" time="9.824"/>
  <system-out/>
  <testcase classname="com.mystore.testcases.TC_MyAccountPageTestDataDrivenTesting" name="verifyRegistrationAndLogin">
    <skipped/>
  </testcase> <!-- verifyRegistrationAndLogin -->
  <system-out/>
</testsuite> <!-- com.mystore.testcases.TC_MyAccountPageTestDataDrivenTesting -->
